Unity Editor version:    2021.3.5f1 (40eb3a945986)
Branch:                  2021.3/staging
Build type:              Release
Batch mode:              YES
macOS version:           Version 14.4.1 (Build 23E224)
Darwin version:          23.4.0
Architecture:            arm64
Running under Rosetta:   NO
Available memory:        16384 MB
Using pre-set license
Pro License: YES

COMMAND LINE ARGUMENTS:
/Applications/Unity/Hub/Editor/2021.3.5f1/Unity.app/Contents/MacOS/Unity
-adb2
-batchMode
-noUpm
-name
AssetImportWorker1
-projectPath
/Users/diana/Desktop/Unity_Exercise
-logFile
Logs/AssetImportWorker1.log
-srvPort
55223
Successfully changed project path to: /Users/diana/Desktop/Unity_Exercise
/Users/diana/Desktop/Unity_Exercise
[UnityMemory] Configuration Parameters - Can be set up in boot.config
    "memorysetup-bucket-allocator-granularity=16"
    "memorysetup-bucket-allocator-bucket-count=8"
    "memorysetup-bucket-allocator-block-size=33554432"
    "memorysetup-bucket-allocator-block-count=8"
    "memorysetup-main-allocator-block-size=16777216"
    "memorysetup-thread-allocator-block-size=16777216"
    "memorysetup-gfx-main-allocator-block-size=16777216"
    "memorysetup-gfx-thread-allocator-block-size=16777216"
    "memorysetup-cache-allocator-block-size=4194304"
    "memorysetup-typetree-allocator-block-size=2097152"
    "memorysetup-profiler-bucket-allocator-granularity=16"
    "memorysetup-profiler-bucket-allocator-bucket-count=8"
    "memorysetup-profiler-bucket-allocator-block-size=33554432"
    "memorysetup-profiler-bucket-allocator-block-count=8"
    "memorysetup-profiler-allocator-block-size=16777216"
    "memorysetup-profiler-editor-allocator-block-size=1048576"
    "memorysetup-temp-allocator-size-main=16777216"
    "memorysetup-job-temp-allocator-block-size=2097152"
    "memorysetup-job-temp-allocator-block-size-background=1048576"
    "memorysetup-job-temp-allocator-reduction-small-platforms=262144"
    "memorysetup-temp-allocator-size-background-worker=32768"
    "memorysetup-temp-allocator-size-job-worker=262144"
    "memorysetup-temp-allocator-size-preload-manager=33554432"
    "memorysetup-temp-allocator-size-nav-mesh-worker=65536"
    "memorysetup-temp-allocator-size-audio-worker=65536"
    "memorysetup-temp-allocator-size-cloud-worker=32768"
    "memorysetup-temp-allocator-size-gi-baking-worker=262144"
    "memorysetup-temp-allocator-size-gfx=262144"
Refreshing native plugins compatible for Editor in 55.97 ms, found 2 plugins.
Preloading 0 native plugins for Editor in 0.00 ms.
Initialize engine version: 2021.3.5f1 (40eb3a945986)
[Subsystems] Discovering subsystems at path /Applications/Unity/Hub/Editor/2021.3.5f1/Unity.app/Contents/Resources/UnitySubsystems
[Subsystems] Discovering subsystems at path /Users/diana/Desktop/Unity_Exercise/Assets
GfxDevice: creating device client; threaded=0; jobified=0
 preferred device: Apple M1 Pro (high power)
Metal devices available: 1
0: Apple M1 Pro (high power)
Using device Apple M1 Pro (high power)
Initializing Metal device caps: Apple M1 Pro
Initialize mono
Mono path[0] = '/Applications/Unity/Hub/Editor/2021.3.5f1/Unity.app/Contents/Managed'
Mono path[1] = '/Applications/Unity/Hub/Editor/2021.3.5f1/Unity.app/Contents/MonoBleedingEdge/lib/mono/unityjit-macos'
Mono config path = '/Applications/Unity/Hub/Editor/2021.3.5f1/Unity.app/Contents/MonoBleedingEdge/etc'
Using monoOptions --debugger-agent=transport=dt_socket,embedding=1,server=y,suspend=n,address=127.0.0.1:56234
Begin MonoManager ReloadAssembly
Registering precompiled unity dll's ...
Register platform support module: /Applications/Unity/Hub/Editor/2021.3.5f1/Unity.app/Contents/PlaybackEngines/MacStandaloneSupport/UnityEditor.OSXStandalone.Extensions.dll
Register platform support module: /Applications/Unity/Hub/Editor/2021.3.5f1/PlaybackEngines/AndroidPlayer/UnityEditor.Android.Extensions.dll
Registered in 0.001410 seconds.
Native extension for Android target not found
Native extension for OSXStandalone target not found
Refreshing native plugins compatible for Editor in 58.16 ms, found 2 plugins.
Preloading 0 native plugins for Editor in 0.00 ms.
Mono: successfully reloaded assembly
- Completed reload, in  0.448 seconds
Domain Reload Profiling:
	ReloadAssembly (448ms)
		BeginReloadAssembly (64ms)
			ExecutionOrderSort (0ms)
			DisableScriptedObjects (0ms)
			BackupInstance (0ms)
			ReleaseScriptingObjects (0ms)
			CreateAndSetChildDomain (3ms)
		EndReloadAssembly (308ms)
			LoadAssemblies (61ms)
			RebuildTransferFunctionScriptingTraits (1ms)
			SetupTypeCache (83ms)
			ReleaseScriptCaches (0ms)
			RebuildScriptCaches (25ms)
			SetupLoadedEditorAssemblies (171ms)
				LogAssemblyErrors (0ms)
				InitializePlatformSupportModulesInManaged (30ms)
				SetLoadedEditorAssemblies (0ms)
				RefreshPlugins (58ms)
				BeforeProcessingInitializeOnLoad (1ms)
				ProcessInitializeOnLoadAttributes (55ms)
				ProcessInitializeOnLoadMethodAttributes (27ms)
				AfterProcessingInitializeOnLoad (0ms)
				EditorAssembliesLoaded (0ms)
			ExecutionOrderSort2 (0ms)
			AwakeInstancesAfterBackupRestoration (0ms)
Platform modules already initialized, skipping
Registering precompiled user dll's ...
Registered in 0.001046 seconds.
Begin MonoManager ReloadAssembly
Native extension for Android target not found
Native extension for OSXStandalone target not found
Refreshing native plugins compatible for Editor in 0.31 ms, found 2 plugins.
Preloading 0 native plugins for Editor in 0.00 ms.
Mono: successfully reloaded assembly
- Completed reload, in  0.778 seconds
Domain Reload Profiling:
	ReloadAssembly (779ms)
		BeginReloadAssembly (162ms)
			ExecutionOrderSort (0ms)
			DisableScriptedObjects (3ms)
			BackupInstance (0ms)
			ReleaseScriptingObjects (0ms)
			CreateAndSetChildDomain (120ms)
		EndReloadAssembly (543ms)
			LoadAssemblies (40ms)
			RebuildTransferFunctionScriptingTraits (0ms)
			SetupTypeCache (192ms)
			ReleaseScriptCaches (2ms)
			RebuildScriptCaches (42ms)
			SetupLoadedEditorAssemblies (238ms)
				LogAssemblyErrors (0ms)
				InitializePlatformSupportModulesInManaged (7ms)
				SetLoadedEditorAssemblies (0ms)
				RefreshPlugins (0ms)
				BeforeProcessingInitializeOnLoad (51ms)
				ProcessInitializeOnLoadAttributes (167ms)
				ProcessInitializeOnLoadMethodAttributes (11ms)
				AfterProcessingInitializeOnLoad (1ms)
				EditorAssembliesLoaded (0ms)
			ExecutionOrderSort2 (0ms)
			AwakeInstancesAfterBackupRestoration (2ms)
Platform modules already initialized, skipping
========================================================================
Worker process is ready to serve import requests
Launching external process: /Applications/Unity/Hub/Editor/2021.3.5f1/Unity.app/Contents/Tools/UnityShaderCompiler
Launched and connected shader compiler UnityShaderCompiler after 0.03 seconds
Refreshing native plugins compatible for Editor in 0.31 ms, found 2 plugins.
Preloading 0 native plugins for Editor in 0.00 ms.
Unloading 3060 Unused Serialized files (Serialized files now loaded: 0)
Unloading 21 unused Assets / (20.4 KB). Loaded Objects now: 3547.
Memory consumption went from 109.6 MB to 109.6 MB.
Total: 2.214334 ms (FindLiveObjects: 0.103375 ms CreateObjectMapping: 0.036833 ms MarkObjects: 2.047917 ms  DeleteObjects: 0.025583 ms)

AssetImportParameters requested are different than current active one (requested -> active):
  custom:video-decoder-ogg-theora: a1e56fd34408186e4bbccfd4996cb3dc -> 
  custom:container-muxer-webm: aa71ff27fc2769a1b78a27578f13a17b -> 
  custom:container-demuxer-webm: 4f35f7cbe854078d1ac9338744f61a02 -> 
  custom:video-encoder-webm-vp8: eb34c28f22e8b96e1ab97ce403110664 -> 
  custom:framework-osx-AVFoundation: e770b220cccbd017edd2c1fefb359320 -> 
  custom:audio-encoder-webm-vorbis: bf7c407c2cedff20999df2af8eb42d56 -> 
  custom:container-demuxer-ogg: 62fdf1f143b41e24485cea50d1cbac27 -> 
  custom:video-decoder-webm-vp8: 9c59270c3fd7afecdb556c50c9e8de78 -> 
  custom:audio-decoder-ogg-vorbis: bf7c407c2cedff20999df2af8eb42d56 -> 
========================================================================
Received Import Request.
  Time since last request: 585205.756591 seconds.
  path: Assets/Imported_Assest/LowPoly Environment Pack/FBX/Bush_2.fbx
  artifactKey: Guid(87ad1332cfca6934ea307ce26bfc9dec) Importer(815301076,1909f56bfc062723c751e8b465ee728b)
Start importing Assets/Imported_Assest/LowPoly Environment Pack/FBX/Bush_2.fbx using Guid(87ad1332cfca6934ea307ce26bfc9dec) Importer(815301076,1909f56bfc062723c751e8b465ee728b)  -> (artifact id: 'ebe2dfc2fa3e16975041d9001d344a9c') in 0.312802 seconds 
========================================================================
Received Import Request.
  Time since last request: 0.000044 seconds.
  path: Assets/Imported_Assest/LowPoly Environment Pack/FBX/Rock_1.fbx
  artifactKey: Guid(b2d7d77df4449b24fb2fffe6ca115874) Importer(815301076,1909f56bfc062723c751e8b465ee728b)
Start importing Assets/Imported_Assest/LowPoly Environment Pack/FBX/Rock_1.fbx using Guid(b2d7d77df4449b24fb2fffe6ca115874) Importer(815301076,1909f56bfc062723c751e8b465ee728b)  -> (artifact id: '5e125fef46d7c99fdc995ee554c327e2') in 0.008782 seconds 
========================================================================
Received Import Request.
  Time since last request: 0.000036 seconds.
  path: Assets/Imported_Assest/LowPoly Environment Pack/FBX/Plant_2.fbx
  artifactKey: Guid(c83f502368bab8140af79867b14e99c9) Importer(815301076,1909f56bfc062723c751e8b465ee728b)
Start importing Assets/Imported_Assest/LowPoly Environment Pack/FBX/Plant_2.fbx using Guid(c83f502368bab8140af79867b14e99c9) Importer(815301076,1909f56bfc062723c751e8b465ee728b)  -> (artifact id: 'd24aad9062edf55ee4957b66c7b92afd') in 0.009514 seconds 
========================================================================
Received Import Request.
  Time since last request: 0.000065 seconds.
  path: Assets/Imported_Assest/LowPoly Environment Pack/FBX/Terrain_2.fbx
  artifactKey: Guid(cc767c10d36eaa748aaa5b008bf78528) Importer(815301076,1909f56bfc062723c751e8b465ee728b)
Start importing Assets/Imported_Assest/LowPoly Environment Pack/FBX/Terrain_2.fbx using Guid(cc767c10d36eaa748aaa5b008bf78528) Importer(815301076,1909f56bfc062723c751e8b465ee728b)  -> (artifact id: '0dff95922fa86b60079c6906c3d47a0a') in 0.009587 seconds 
========================================================================
Received Import Request.
  Time since last request: 0.000045 seconds.
  path: Assets/Imported_Assest/LowPoly Environment Pack/FBX/Terrain_1.fbx
  artifactKey: Guid(dcf51a1e867a87e4596f1c757cbdb947) Importer(815301076,1909f56bfc062723c751e8b465ee728b)
Start importing Assets/Imported_Assest/LowPoly Environment Pack/FBX/Terrain_1.fbx using Guid(dcf51a1e867a87e4596f1c757cbdb947) Importer(815301076,1909f56bfc062723c751e8b465ee728b)  -> (artifact id: '8ea1609f130ec4781d768d634cc77e87') in 0.009869 seconds 
========================================================================
Received Import Request.
  Time since last request: 0.000045 seconds.
  path: Assets/Imported_Assest/LowPoly Environment Pack/FBX/Mounting_2.fbx
  artifactKey: Guid(bf8d317df722d644f99e8ff3926c99d9) Importer(815301076,1909f56bfc062723c751e8b465ee728b)
Start importing Assets/Imported_Assest/LowPoly Environment Pack/FBX/Mounting_2.fbx using Guid(bf8d317df722d644f99e8ff3926c99d9) Importer(815301076,1909f56bfc062723c751e8b465ee728b)  -> (artifact id: 'e15afa43d0d95c7b8bee9634d89fdeed') in 0.008570 seconds 
========================================================================
Received Import Request.
  Time since last request: 0.000047 seconds.
  path: Assets/Imported_Assest/LowPoly Environment Pack/FBX/Rock_5.fbx
  artifactKey: Guid(18cea87bdb7d0fa46986e492321f3d1e) Importer(815301076,1909f56bfc062723c751e8b465ee728b)
Start importing Assets/Imported_Assest/LowPoly Environment Pack/FBX/Rock_5.fbx using Guid(18cea87bdb7d0fa46986e492321f3d1e) Importer(815301076,1909f56bfc062723c751e8b465ee728b)  -> (artifact id: '7abe0b022c4faf866ab67e296d92fcd7') in 0.009125 seconds 
========================================================================
Received Import Request.
  Time since last request: 0.000059 seconds.
  path: Assets/Imported_Assest/LowPoly Environment Pack/FBX/Rock_2.fbx
  artifactKey: Guid(dfed2e9fb3d8ac84da441095f9422543) Importer(815301076,1909f56bfc062723c751e8b465ee728b)
Start importing Assets/Imported_Assest/LowPoly Environment Pack/FBX/Rock_2.fbx using Guid(dfed2e9fb3d8ac84da441095f9422543) Importer(815301076,1909f56bfc062723c751e8b465ee728b)  -> (artifact id: '4b2bc077c17bae9d2b33f1e6567e3b90') in 0.008434 seconds 
========================================================================
Received Import Request.
  Time since last request: 0.000055 seconds.
  path: Assets/Imported_Assest/LowPoly Environment Pack/FBX/Rock_3.fbx
  artifactKey: Guid(f902b41e10cdd2d44aaf1ada606f5d3c) Importer(815301076,1909f56bfc062723c751e8b465ee728b)
Start importing Assets/Imported_Assest/LowPoly Environment Pack/FBX/Rock_3.fbx using Guid(f902b41e10cdd2d44aaf1ada606f5d3c) Importer(815301076,1909f56bfc062723c751e8b465ee728b)  -> (artifact id: 'da1f0c75a6336d3252b860403c8e391c') in 0.010269 seconds 
========================================================================
Received Import Request.
  Time since last request: 56.185478 seconds.
  path: Assets/Imported_Assest/Customizable Skybox/Materials/dark trunk.mat
  artifactKey: Guid(7c7f7e923f30d8b4193dfc9a7eb33ea9) Importer(815301076,1909f56bfc062723c751e8b465ee728b)
Start importing Assets/Imported_Assest/Customizable Skybox/Materials/dark trunk.mat using Guid(7c7f7e923f30d8b4193dfc9a7eb33ea9) Importer(815301076,1909f56bfc062723c751e8b465ee728b)  -> (artifact id: 'cad9dd151e6391eae920a4c999f36387') in 0.130535 seconds 
========================================================================
Received Prepare
Registering precompiled user dll's ...
Registered in 0.001859 seconds.
Begin MonoManager ReloadAssembly
Thread 0x318f47000 may have been prematurely finalized
Native extension for Android target not found
Native extension for OSXStandalone target not found
Refreshing native plugins compatible for Editor in 0.35 ms, found 2 plugins.
Preloading 0 native plugins for Editor in 0.00 ms.
Mono: successfully reloaded assembly
- Completed reload, in  0.710 seconds
Domain Reload Profiling:
	ReloadAssembly (711ms)
		BeginReloadAssembly (113ms)
			ExecutionOrderSort (0ms)
			DisableScriptedObjects (3ms)
			BackupInstance (0ms)
			ReleaseScriptingObjects (0ms)
			CreateAndSetChildDomain (52ms)
		EndReloadAssembly (525ms)
			LoadAssemblies (42ms)
			RebuildTransferFunctionScriptingTraits (0ms)
			SetupTypeCache (197ms)
			ReleaseScriptCaches (1ms)
			RebuildScriptCaches (34ms)
			SetupLoadedEditorAssemblies (213ms)
				LogAssemblyErrors (0ms)
				InitializePlatformSupportModulesInManaged (11ms)
				SetLoadedEditorAssemblies (0ms)
				RefreshPlugins (0ms)
				BeforeProcessingInitializeOnLoad (35ms)
				ProcessInitializeOnLoadAttributes (155ms)
				ProcessInitializeOnLoadMethodAttributes (11ms)
				AfterProcessingInitializeOnLoad (1ms)
				EditorAssembliesLoaded (0ms)
			ExecutionOrderSort2 (0ms)
			AwakeInstancesAfterBackupRestoration (2ms)
Platform modules already initialized, skipping
Refreshing native plugins compatible for Editor in 0.67 ms, found 2 plugins.
Preloading 0 native plugins for Editor in 0.00 ms.
Unloading 3052 Unused Serialized files (Serialized files now loaded: 0)
Unloading 15 unused Assets / (21.9 KB). Loaded Objects now: 3592.
Memory consumption went from 273.7 MB to 273.7 MB.
Total: 2.036750 ms (FindLiveObjects: 0.107292 ms CreateObjectMapping: 0.037625 ms MarkObjects: 1.876500 ms  DeleteObjects: 0.014958 ms)

AssetImportParameters requested are different than current active one (requested -> active):
  custom:video-decoder-ogg-theora: a1e56fd34408186e4bbccfd4996cb3dc -> 
  custom:container-muxer-webm: aa71ff27fc2769a1b78a27578f13a17b -> 
  custom:container-demuxer-webm: 4f35f7cbe854078d1ac9338744f61a02 -> 
  custom:video-encoder-webm-vp8: eb34c28f22e8b96e1ab97ce403110664 -> 
  custom:framework-osx-AVFoundation: e770b220cccbd017edd2c1fefb359320 -> 
  custom:audio-encoder-webm-vorbis: bf7c407c2cedff20999df2af8eb42d56 -> 
  custom:container-demuxer-ogg: 62fdf1f143b41e24485cea50d1cbac27 -> 
  custom:video-decoder-webm-vp8: 9c59270c3fd7afecdb556c50c9e8de78 -> 
  custom:audio-decoder-ogg-vorbis: bf7c407c2cedff20999df2af8eb42d56 -> 
